<?xml version="1.0" encoding="UTF-8"?>
<!-- Generated by org.testng.reporters.JUnitXMLReporter -->
<testsuite ignored="4" hostname="LAPTOP-5TIT49CS" failures="0" tests="3" name="Smoke Testing(failed)" time="0.074" errors="0" timestamp="2024-07-19T11:05:56 IST">
  <testcase classname="RunMultipleGroups.GroupTest1" name="login_Account" time="0.014"/>
  <testcase classname="RunMultipleGroups.GroupTest1" name="checkMail" time="0.005"/>
  <testcase classname="RunMultipleGroups.GroupTest2" name="composeMail" time="0.003"/>
  <testcase classname="RunMultipleGroups.GroupTest2" name="deleteMail" time="0.0">
    <ignored/>
  </testcase> <!-- deleteMail -->
  <testcase classname="RunMultipleGroups.GroupTest2" name="checkAccountDetails" time="0.0">
    <ignored/>
  </testcase> <!-- checkAccountDetails -->
  <testcase classname="RunMultipleGroups.GroupTest1" name="checkDrafts" time="0.0">
    <ignored/>
  </testcase> <!-- checkDrafts -->
  <testcase classname="RunMultipleGroups.GroupTest2" name="checkPromotions" time="0.0">
    <ignored/>
  </testcase> <!-- checkPromotions -->
</testsuite> <!-- Smoke Testing(failed) -->
