<?xml version="1.0" encoding="UTF-8"?>
<!-- Generated by org.testng.reporters.JUnitXMLReporter -->
<testsuite ignored="5" hostname="LAPTOP-5TIT49CS" failures="0" tests="2" name="Smoke Testing(failed)(failed)(failed)(failed)(failed)(failed)" time="0.054" errors="0" timestamp="2024-07-19T10:56:12 IST">
  <testcase classname="RunMultipleGroups.GroupTest1" name="checkMail" time="0.009"/>
  <testcase classname="RunMultipleGroups.GroupTest2" name="composeMail" time="0.001"/>
  <testcase classname="RunMultipleGroups.GroupTest2" name="deleteMail" time="0.0">
    <ignored/>
  </testcase> <!-- deleteMail -->
  <testcase classname="RunMultipleGroups.GroupTest2" name="checkAccountDetails" time="0.0">
    <ignored/>
  </testcase> <!-- checkAccountDetails -->
  <testcase classname="RunMultipleGroups.GroupTest1" name="login_Account" time="0.0">
    <ignored/>
  </testcase> <!-- login_Account -->
  <testcase classname="RunMultipleGroups.GroupTest1" name="checkDrafts" time="0.0">
    <ignored/>
  </testcase> <!-- checkDrafts -->
  <testcase classname="RunMultipleGroups.GroupTest2" name="checkPromotions" time="0.0">
    <ignored/>
  </testcase> <!-- checkPromotions -->
</testsuite> <!-- Smoke Testing(failed)(failed)(failed)(failed)(failed)(failed) -->
