<?xml version="1.0" encoding="UTF-8"?>
<!-- Generated by org.testng.reporters.JUnitXMLReporter -->
<testsuite ignored="3" hostname="LAPTOP-5TIT49CS" failures="0" tests="4" name="Sanity Testing" time="0.055" errors="0" timestamp="2024-09-21T12:56:48 IST">
  <testcase classname="RunMultipleGroups.GroupTest1" name="login_Account" time="0.009"/>
  <testcase classname="RunMultipleGroups.GroupTest1" name="checkDrafts" time="0.0"/>
  <testcase classname="RunMultipleGroups.GroupTest2" name="checkPromotions" time="0.001"/>
  <testcase classname="RunMultipleGroups.GroupTest2" name="checkAccountDetails" time="0.0"/>
  <testcase classname="RunMultipleGroups.GroupTest2" name="deleteMail" time="0.0">
    <ignored/>
  </testcase> <!-- deleteMail -->
  <testcase classname="RunMultipleGroups.GroupTest2" name="composeMail" time="0.0">
    <ignored/>
  </testcase> <!-- composeMail -->
  <testcase classname="RunMultipleGroups.GroupTest1" name="checkMail" time="0.0">
    <ignored/>
  </testcase> <!-- checkMail -->
</testsuite> <!-- Sanity Testing -->
