<?xml version="1.0" encoding="UTF-8"?>
<!-- Generated by org.testng.reporters.JUnitXMLReporter -->
<testsuite ignored="3" hostname="LAPTOP-5TIT49CS" failures="2" tests="4" name="Smoke Testing" time="0.101" errors="0" timestamp="2024-07-19T10:57:28 IST">
  <testcase classname="RunMultipleGroups.GroupTest1" name="login_Account" time="0.018"/>
  <testcase classname="RunMultipleGroups.GroupTest1" name="checkMail" time="0.005">
    <failure type="java.lang.AssertionError" message="expected [OrangeHRM] but found [rangeHRM]">
      <![CDATA[java.lang.AssertionError: expected [OrangeHRM] but found [rangeHRM]
at RunMultipleGroups.GroupTest1.checkMail(GroupTest1.java:17)
at java.base/java.util.ArrayList.forEach(ArrayList.java:1511)
... Removed 33 stack frames]]>
    </failure>
  </testcase> <!-- checkMail -->
  <testcase classname="RunMultipleGroups.GroupTest2" name="composeMail" time="0.001">
    <failure type="java.lang.AssertionError" message="expected [OrangeHRM] but found [rangeHRM]">
      <![CDATA[java.lang.AssertionError: expected [OrangeHRM] but found [rangeHRM]
at RunMultipleGroups.GroupTest2.composeMail(GroupTest2.java:22)
at java.base/java.util.ArrayList.forEach(ArrayList.java:1511)
... Removed 33 stack frames]]>
    </failure>
  </testcase> <!-- composeMail -->
  <testcase classname="RunMultipleGroups.GroupTest2" name="deleteMail" time="0.002"/>
  <testcase classname="RunMultipleGroups.GroupTest2" name="checkAccountDetails" time="0.0">
    <ignored/>
  </testcase> <!-- checkAccountDetails -->
  <testcase classname="RunMultipleGroups.GroupTest1" name="checkDrafts" time="0.0">
    <ignored/>
  </testcase> <!-- checkDrafts -->
  <testcase classname="RunMultipleGroups.GroupTest2" name="checkPromotions" time="0.0">
    <ignored/>
  </testcase> <!-- checkPromotions -->
</testsuite> <!-- Smoke Testing -->
